<?xml version="1.0" encoding="UTF-8"?>
<testng-results ignored="0" total="1" passed="1" failed="0" skipped="0">
  <reporter-output>
  </reporter-output>
  <suite started-at="2020-10-14T10:31:13 IST" name="Default suite" finished-at="2020-10-14T10:31:14 IST" duration-ms="513">
    <groups>
    </groups>
    <test started-at="2020-10-14T10:31:13 IST" name="Default test" finished-at="2020-10-14T10:31:14 IST" duration-ms="513">
      <class name="Academytoolsqa.ScreenshotCompare">
        <test-method signature="imageCompare()[pri:0, instance:Academytoolsqa.ScreenshotCompare@647fd8ce]" started-at="2020-10-14T10:31:13 IST" name="imageCompare" finished-at="2020-10-14T10:31:14 IST" duration-ms="465" status="PASS">
          <reporter-output>
          </reporter-output>
        </test-method> <!-- imageCompare -->
      </class> <!-- Academytoolsqa.ScreenshotCompare -->
    </test> <!-- Default test -->
  </suite> <!-- Default suite -->
</testng-results>
