<?xml version="1.0" encoding="UTF-8"?>
<!-- Generated by org.testng.reporters.JUnitXMLReporter -->
<testsuite ignored="1" hostname="LENOVO-B40" failures="0" tests="1" name="Verify links First Time execution" time="80.666" errors="0" timestamp="2020-10-14T10:19:15 IST">
  <testcase classname="Academytoolsqa.HomePage3" name="clickingLinksFirstrun" time="42.241"/>
  <testcase classname="Academytoolsqa.HomePage3" name="clickingLinksSecondrun" time="0.0">
    <ignored/>
  </testcase> <!-- clickingLinksSecondrun -->
</testsuite> <!-- Verify links First Time execution -->
