<?xml version="1.0" encoding="UTF-8"?>
<!-- Generated by org.testng.reporters.JUnitXMLReporter -->
<testsuite ignored="1" hostname="LENOVO-B40" failures="1" tests="1" name="Verify links - First Time execution" time="9.238" errors="0" timestamp="2020-10-01T11:16:17 IST">
  <testcase classname="Academytoolsqa.HomePage2" name="clickingLinksFirstrun" time="0.012">
    <failure type="java.lang.NullPointerException">
      <![CDATA[java.lang.NullPointerException
at Academytoolsqa.HomePage2.clickingLinksFirstrun(HomePage2.java:51)
at java.base/java.util.ArrayList.forEach(ArrayList.java:1511)
... Removed 27 stack frames]]>
    </failure>
  </testcase> <!-- clickingLinksFirstrun -->
  <testcase classname="Academytoolsqa.HomePage2" name="clickingLinksSecondrun" time="0.0">
    <ignored/>
  </testcase> <!-- clickingLinksSecondrun -->
</testsuite> <!-- Verify links - First Time execution -->
