<?xml version="1.0" encoding="UTF-8"?>
<!-- Generated by org.testng.reporters.JUnitXMLReporter -->
<testsuite ignored="1" hostname="LENOVO-B40" failures="0" tests="1" name="Verify links Second Time execution" time="77.023" errors="0" timestamp="2020-10-14T10:20:32 IST">
  <testcase classname="Academytoolsqa.HomePage3" name="clickingLinksSecondrun" time="39.343"/>
  <testcase classname="Academytoolsqa.HomePage3" name="clickingLinksFirstrun" time="0.0">
    <ignored/>
  </testcase> <!-- clickingLinksFirstrun -->
</testsuite> <!-- Verify links Second Time execution -->
