<?xml version="1.0" encoding="UTF-8"?>
<!-- Generated by org.testng.reporters.JUnitXMLReporter -->
<testsuite ignored="2" hostname="LENOVO-B40" failures="0" tests="0" time="39.909" errors="0" timestamp="2020-10-12T21:58:50 IST">
  <testcase classname="Academytoolsqa.HomePage2" name="clickingLinksSecondrun" time="0.0">
    <ignored/>
  </testcase> <!-- clickingLinksSecondrun -->
  <testcase classname="Academytoolsqa.HomePage2" name="clickingLinksFirstrun" time="0.0">
    <ignored/>
  </testcase> <!-- clickingLinksFirstrun -->
</testsuite>
