<?xml version="1.0" encoding="UTF-8"?>
<!-- Generated by org.testng.reporters.JUnitXMLReporter -->
<testsuite ignored="1" hostname="LENOVO-B40" failures="1" tests="1" name="Verify links - Second Time execution" time="9.493" errors="0" timestamp="2020-10-01T11:32:54 IST">
  <testcase classname="Academytoolsqa.HomePage2" name="clickingLinksSecondrun" time="0.012">
    <failure type="java.lang.NullPointerException">
      <![CDATA[java.lang.NullPointerException
at Academytoolsqa.HomePage2.clickingLinksSecondrun(HomePage2.java:93)
at java.base/java.util.ArrayList.forEach(ArrayList.java:1511)
at java.base/java.util.concurrent.FutureTask.run(FutureTask.java:264)
at java.base/java.util.concurrent.ThreadPoolExecutor.runWorker(ThreadPoolExecutor.java:1130)
at java.base/java.util.concurrent.ThreadPoolExecutor$Worker.run(ThreadPoolExecutor.java:630)
at java.base/java.lang.Thread.run(Thread.java:832)
... Removed 18 stack frames]]>
    </failure>
  </testcase> <!-- clickingLinksSecondrun -->
  <testcase classname="Academytoolsqa.HomePage2" name="clickingLinksFirstrun" time="0.0">
    <ignored/>
  </testcase> <!-- clickingLinksFirstrun -->
</testsuite> <!-- Verify links - Second Time execution -->
