<?xml version="1.0" encoding="UTF-8"?>
<!-- Generated by org.testng.reporters.JUnitXMLReporter -->
<testsuite ignored="0" hostname="LENOVO-B40" failures="2" tests="2" name="Default test(failed)" time="28.917" errors="0" timestamp="2020-10-07T20:39:20 IST">
  <testcase classname="Academytoolsqa.HomePage2" name="clickingLinksSecondrun" time="0.0">
    <failure type="org.testng.TestNGException" message="
Cannot inject @Test annotated Method [clickingLinksSecondrun] with [class java.lang.String].
For more information on native dependency injection please refer to https://testng.org/doc/documentation-main.html#native-dependency-injection">
      <![CDATA[org.testng.TestNGException: 
Cannot inject @Test annotated Method [clickingLinksSecondrun] with [class java.lang.String].
For more information on native dependency injection please refer to https://testng.org/doc/documentation-main.html#native-dependency-injection
at java.base/java.util.ArrayList.forEach(ArrayList.java:1511)
... Removed 26 stack frames]]>
    </failure>
  </testcase> <!-- clickingLinksSecondrun -->
  <testcase classname="Academytoolsqa.HomePage2" name="clickingLinksFirstrun" time="0.0">
    <failure type="org.testng.TestNGException" message="
Cannot inject @Test annotated Method [clickingLinksFirstrun] with [class java.lang.String].
For more information on native dependency injection please refer to https://testng.org/doc/documentation-main.html#native-dependency-injection">
      <![CDATA[org.testng.TestNGException: 
Cannot inject @Test annotated Method [clickingLinksFirstrun] with [class java.lang.String].
For more information on native dependency injection please refer to https://testng.org/doc/documentation-main.html#native-dependency-injection
at java.base/java.util.ArrayList.forEach(ArrayList.java:1511)
... Removed 26 stack frames]]>
    </failure>
  </testcase> <!-- clickingLinksFirstrun -->
</testsuite> <!-- Default test(failed) -->
